<?xml version="1.0" encoding="UTF-8"?>
<!-- Generated by org.testng.reporters.JUnitReportReporter -->
<testsuite skipped="0" hostname="Ragu" name="coding.FileWrite" tests="2" failures="0" timestamp="15 Aug 2018 15:29:57 GMT" time="0.047" errors="0">
  <testcase name="usingFileWriter" time="0.047" classname="coding.FileWrite"/>
  <testcase name="usingBufferWriter" time="0.000" classname="coding.FileWrite"/>
</testsuite> <!-- coding.FileWrite -->
