<?xml version="1.0" encoding="UTF-8"?>
<!-- Generated by org.testng.reporters.JUnitReportReporter -->
<testsuite skipped="0" hostname="Ragu" name="coding.PrintingTriangle" tests="2" failures="0" timestamp="15 Aug 2018 18:19:18 GMT" time="0.031" errors="0">
  <testcase name="printingStar" time="0.031" classname="coding.PrintingTriangle"/>
  <testcase name="printNumber" time="0.000" classname="coding.PrintingTriangle"/>
</testsuite> <!-- coding.PrintingTriangle -->
