<?xml version="1.0" encoding="UTF-8"?>
<!-- Generated by org.testng.reporters.JUnitReportReporter -->
<testsuite skipped="0" hostname="Ragu" name="test.TC_001CreateLead" tests="2" failures="0" timestamp="11 Aug 2018 10:32:20 GMT" time="57.223" errors="0">
  <testcase name="createLead" time="31.381" classname="test.TC_001CreateLead"/>
  <testcase name="createLead" time="25.842" classname="test.TC_001CreateLead"/>
</testsuite> <!-- test.TC_001CreateLead -->
