<?xml version="1.0" encoding="UTF-8"?>
<!-- Generated by org.testng.reporters.JUnitReportReporter -->
<testsuite skipped="0" hostname="Ragu" name="testcase.DuplicateLead" tests="3" failures="0" timestamp="28 Jul 2018 12:46:12 GMT" time="95.911" errors="0">
  <testcase name="duplicateLead" time="31.358" classname="testcase.DuplicateLead"/>
  <testcase name="duplicateLead" time="32.305" classname="testcase.DuplicateLead"/>
  <testcase name="duplicateLead" time="32.248" classname="testcase.DuplicateLead"/>
</testsuite> <!-- testcase.DuplicateLead -->
