<?xml version="1.0" encoding="UTF-8"?>
<!-- Generated by org.testng.reporters.JUnitReportReporter -->
<testsuite skipped="0" hostname="Ragu" name="week6.day1.login" tests="1" failures="0" timestamp="28 Jul 2018 03:58:24 GMT" time="1.692" errors="0">
  <testcase name="login" time="1.692" classname="week6.day1.login"/>
</testsuite> <!-- week6.day1.login -->
