<?xml version="1.0" encoding="UTF-8"?>
<!-- Generated by org.testng.reporters.JUnitReportReporter -->
<testsuite skipped="0" hostname="Ragu" name="coding.FibonacciSeries" tests="2" failures="0" timestamp="15 Aug 2018 15:11:22 GMT" time="0.041" errors="0">
  <testcase name="Series" time="0.026" classname="coding.FibonacciSeries"/>
  <testcase name="fibonacciSeries" time="0.015" classname="coding.FibonacciSeries"/>
</testsuite> <!-- coding.FibonacciSeries -->
