<?xml version="1.0" encoding="UTF-8"?>
<!-- Generated by org.testng.reporters.JUnitReportReporter -->
<testsuite skipped="0" hostname="Ragu" name="test.TC_002EditLead" tests="1" failures="0" timestamp="31 Jul 2018 17:41:15 GMT" time="35.102" errors="0">
  <testcase name="editLead" time="35.102" classname="test.TC_002EditLead"/>
</testsuite> <!-- test.TC_002EditLead -->
