<?xml version="1.0" encoding="UTF-8"?>
<!-- Generated by org.testng.reporters.JUnitReportReporter -->
<testsuite skipped="0" hostname="Ragu" name="coding.FileReading" tests="2" failures="0" timestamp="15 Aug 2018 15:23:21 GMT" time="0.046" errors="0">
  <testcase name="fileRead" time="0.031" classname="coding.FileReading"/>
  <testcase name="read" time="0.015" classname="coding.FileReading"/>
</testsuite> <!-- coding.FileReading -->
