<?xml version="1.0" encoding="UTF-8"?>
<!-- Generated by org.testng.reporters.JUnitReportReporter -->
<testsuite skipped="0" hostname="Ragu" name="testnglisterners.CreateLead" tests="2" failures="0" timestamp="22 Jul 2018 05:44:28 GMT" time="169.596" errors="0">
  <testcase name="createLead" time="85.964" classname="testnglisterners.CreateLead"/>
  <testcase name="createLead" time="83.632" classname="testnglisterners.CreateLead"/>
</testsuite> <!-- testnglisterners.CreateLead -->
