<?xml version="1.0" encoding="UTF-8"?>
<!-- Generated by org.testng.reporters.JUnitReportReporter -->
<testsuite skipped="0" hostname="Ragu" name="test.TC_001CreateLead_NEG" tests="3" failures="0" timestamp="29 Jul 2018 06:44:30 GMT" time="167.830" errors="0">
  <testcase name="createLead" time="80.438" classname="test.TC_001CreateLead_NEG"/>
  <testcase name="createLead" time="43.693" classname="test.TC_001CreateLead_NEG"/>
  <testcase name="createLead" time="43.699" classname="test.TC_001CreateLead_NEG"/>
</testsuite> <!-- test.TC_001CreateLead_NEG -->
