<?xml version="1.0" encoding="UTF-8"?>
<!-- Generated by org.testng.reporters.JUnitReportReporter -->
<testsuite skipped="0" hostname="Ragu" name="test.TC_003DeleteLead" tests="3" failures="0" timestamp="31 Jul 2018 18:23:01 GMT" time="147.785" errors="0">
  <testcase name="deleteLead" time="48.571" classname="test.TC_003DeleteLead"/>
  <testcase name="deleteLead" time="49.114" classname="test.TC_003DeleteLead"/>
  <testcase name="deleteLead" time="50.100" classname="test.TC_003DeleteLead"/>
</testsuite> <!-- test.TC_003DeleteLead -->
