<?xml version="1.0" encoding="UTF-8"?>
<!-- Generated by org.testng.reporters.JUnitReportReporter -->
<testsuite skipped="0" hostname="Ragu" name="test.TC_005MergeLead" tests="1" failures="0" timestamp="11 Aug 2018 11:50:39 GMT" time="87.498" errors="0">
  <testcase name="mergeLead" time="87.498" classname="test.TC_005MergeLead"/>
</testsuite> <!-- test.TC_005MergeLead -->
