<?xml version="1.0" encoding="UTF-8"?>
<!-- Generated by org.testng.reporters.JUnitReportReporter -->
<testsuite skipped="0" hostname="Ragu" name="coding.MaxMinInGivenArray" tests="3" failures="0" timestamp="15 Aug 2018 16:00:59 GMT" time="0.063" errors="0">
  <testcase name="usingForLoop" time="0.032" classname="coding.MaxMinInGivenArray"/>
  <testcase name="usingArray" time="0.016" classname="coding.MaxMinInGivenArray"/>
  <testcase name="usingCollection" time="0.015" classname="coding.MaxMinInGivenArray"/>
</testsuite> <!-- coding.MaxMinInGivenArray -->
