<?xml version="1.0" encoding="UTF-8"?>
<!-- Generated by org.testng.reporters.JUnitReportReporter -->
<testsuite skipped="0" hostname="Ragu" name="testcase.EditLead" tests="3" failures="0" timestamp="28 Jul 2018 12:27:25 GMT" time="97.991" errors="0">
  <testcase name="editLead" time="32.275" classname="testcase.EditLead"/>
  <testcase name="editLead" time="33.460" classname="testcase.EditLead"/>
  <testcase name="editLead" time="32.256" classname="testcase.EditLead"/>
</testsuite> <!-- testcase.EditLead -->
