<?xml version="1.0" encoding="UTF-8"?>
<!-- Generated by org.testng.reporters.JUnitReportReporter -->
<testsuite skipped="0" hostname="Ragu" name="coding.OccuranceOfCharacter" tests="3" failures="0" timestamp="15 Aug 2018 17:58:50 GMT" time="0.031" errors="0">
  <testcase name="main" time="0.031" classname="coding.OccuranceOfCharacter"/>
  <testcase name="occuranceOfString" time="0.000" classname="coding.OccuranceOfCharacter"/>
  <testcase name="occurance" time="0.000" classname="coding.OccuranceOfCharacter"/>
</testsuite> <!-- coding.OccuranceOfCharacter -->
