<?xml version="1.0" encoding="UTF-8"?>
<!-- Generated by org.testng.reporters.JUnitReportReporter -->
<testsuite skipped="0" hostname="Ragu" name="coding.PrintDuplicatesInArray" tests="3" failures="0" timestamp="15 Aug 2018 18:16:33 GMT" time="0.079" errors="0">
  <testcase name="usingSet" time="0.047" classname="coding.PrintDuplicatesInArray"/>
  <testcase name="usingArraysSort" time="0.016" classname="coding.PrintDuplicatesInArray"/>
  <testcase name="usingForLoop" time="0.016" classname="coding.PrintDuplicatesInArray"/>
</testsuite> <!-- coding.PrintDuplicatesInArray -->
