<?xml version="1.0" encoding="UTF-8"?>
<!-- Generated by org.testng.reporters.JUnitReportReporter -->
<testsuite skipped="0" hostname="Ragu" name="test.TC_001CreateLead" tests="2" failures="0" timestamp="29 Jul 2018 05:11:30 GMT" time="53.941" errors="0">
  <testcase name="createLead" time="27.095" classname="test.TC_001CreateLead"/>
  <testcase name="createLead" time="26.846" classname="test.TC_001CreateLead"/>
</testsuite> <!-- test.TC_001CreateLead -->
