<?xml version="1.0" encoding="UTF-8"?>
<!-- Generated by org.testng.reporters.JUnitReportReporter -->
<testsuite skipped="0" hostname="Ragu" name="testcase.CreateLead" tests="3" failures="0" timestamp="28 Jul 2018 11:49:24 GMT" time="76.842" errors="0">
  <testcase name="createLead" time="29.547" classname="testcase.CreateLead"/>
  <testcase name="createLead" time="22.838" classname="testcase.CreateLead"/>
  <testcase name="createLead" time="24.457" classname="testcase.CreateLead"/>
</testsuite> <!-- testcase.CreateLead -->
