<?xml version="1.0" encoding="UTF-8"?>
<!-- Generated by org.testng.reporters.JUnitReportReporter -->
<testsuite skipped="0" hostname="Ragu" name="coding.FindingAll" tests="3" failures="0" timestamp="15 Aug 2018 15:51:00 GMT" time="0.064" errors="0">
  <testcase name="usingRegx" time="0.064" classname="coding.FindingAll"/>
  <testcase name="findingAll" time="0.000" classname="coding.FindingAll"/>
  <testcase name="findAllCharactesInString" time="0.000" classname="coding.FindingAll"/>
</testsuite> <!-- coding.FindingAll -->
