<?xml version="1.0" encoding="UTF-8"?>
<!-- Generated by org.testng.reporters.JUnitReportReporter -->
<testsuite skipped="0" hostname="Ragu" name="test.TC_005MergeLead" tests="1" failures="0" timestamp="04 Aug 2018 10:33:56 GMT" time="72.518" errors="0">
  <testcase name="mergeLead" time="72.518" classname="test.TC_005MergeLead"/>
</testsuite> <!-- test.TC_005MergeLead -->
