<?xml version="1.0" encoding="UTF-8"?>
<!-- Generated by org.testng.reporters.JUnitReportReporter -->
<testsuite skipped="0" hostname="Ragu" name="test.TC_004DuplicateLead" tests="2" failures="0" timestamp="01 Aug 2018 15:31:06 GMT" time="98.701" errors="0">
  <testcase name="deleteLead" time="49.037" classname="test.TC_004DuplicateLead"/>
  <testcase name="deleteLead" time="49.664" classname="test.TC_004DuplicateLead"/>
</testsuite> <!-- test.TC_004DuplicateLead -->
