<?xml version="1.0" encoding="UTF-8"?>
<!-- Generated by org.testng.reporters.JUnitReportReporter -->
<testsuite skipped="0" hostname="Ragu" name="testcase.DeleteLead" tests="3" failures="0" timestamp="28 Jul 2018 12:35:10 GMT" time="115.240" errors="0">
  <testcase name="deleteLead" time="38.800" classname="testcase.DeleteLead"/>
  <testcase name="deleteLead" time="39.191" classname="testcase.DeleteLead"/>
  <testcase name="deleteLead" time="37.249" classname="testcase.DeleteLead"/>
</testsuite> <!-- testcase.DeleteLead -->
