<?xml version="1.0" encoding="UTF-8"?>
<!-- Generated by org.testng.reporters.JUnitReportReporter -->
<testsuite skipped="0" hostname="Ragu" name="coding.SwapingWithoutVarible" tests="3" failures="0" timestamp="15 Aug 2018 18:31:29 GMT" time="0.045" errors="0">
  <testcase name="swapingWithout3rdVarible" time="0.000" classname="coding.SwapingWithoutVarible"/>
  <testcase name="swapingWithoutTempVarible" time="0.000" classname="coding.SwapingWithoutVarible"/>
  <testcase name="swapingWithout3Varible" time="0.045" classname="coding.SwapingWithoutVarible"/>
</testsuite> <!-- coding.SwapingWithoutVarible -->
